<?xml version="1.0" encoding="UTF-8"?>
<testng-results ignored="0" total="1" passed="1" failed="0" skipped="0">
  <reporter-output>
  </reporter-output>
  <suite started-at="2024-04-03T07:23:36Z" name="Default suite" finished-at="2024-04-03T07:24:17Z" duration-ms="41078">
    <groups>
    </groups>
    <test started-at="2024-04-03T07:23:36Z" name="Default test" finished-at="2024-04-03T07:24:17Z" duration-ms="41078">
      <class name="tests2.AmazonCartTest">
        <test-method is-config="true" signature="setUp(java.lang.String)[pri:0, instance:tests2.AmazonCartTest@4eed46ee]" started-at="2024-04-03T12:53:36Z" name="setUp" finished-at="2024-04-03T12:53:38Z" duration-ms="1325" status="PASS">
          <params>
            <param index="0">
              <value>
                <![CDATA[chrome]]>
              </value>
            </param>
          </params>
          <reporter-output>
          </reporter-output>
        </test-method> <!-- setUp -->
        <test-method signature="searchAndAddToCart()[pri:0, instance:tests2.AmazonCartTest@4eed46ee]" started-at="2024-04-03T12:53:38Z" name="searchAndAddToCart" finished-at="2024-04-03T12:54:17Z" duration-ms="39131" status="PASS">
          <reporter-output>
          </reporter-output>
        </test-method> <!-- searchAndAddToCart -->
        <test-method is-config="true" signature="tearDown(org.testng.ITestResult)[pri:0, instance:tests2.AmazonCartTest@4eed46ee]" started-at="2024-04-03T12:54:17Z" name="tearDown" finished-at="2024-04-03T12:54:17Z" duration-ms="0" status="PASS">
          <params>
            <param index="0">
              <value>
                <![CDATA[[TestResult name=searchAndAddToCart status=SUCCESS method=AmazonCartTest.searchAndAddToCart()[pri:0, instance:tests2.AmazonCartTest@4eed46ee] output={null}]]]>
              </value>
            </param>
          </params>
          <reporter-output>
          </reporter-output>
        </test-method> <!-- tearDown -->
        <test-method is-config="true" signature="tearDown()[pri:0, instance:tests2.AmazonCartTest@4eed46ee]" started-at="2024-04-03T12:54:17Z" name="tearDown" finished-at="2024-04-03T12:54:17Z" duration-ms="605" status="PASS">
          <reporter-output>
          </reporter-output>
        </test-method> <!-- tearDown -->
      </class> <!-- tests2.AmazonCartTest -->
    </test> <!-- Default test -->
  </suite> <!-- Default suite -->
</testng-results>
